<?xml version="1.0" encoding="UTF-8"?>
<!-- Generated by org.testng.reporters.JUnitReportReporter -->
<testsuite skipped="0" hostname="WIN-NFDCINOH1RK" name="hdc2_thirdday.exceldemo" tests="1" failures="0" timestamp="2020-02-06T11:51:53 UTC" time="1.343" errors="0">
  <testcase name="f" time="1.343" classname="hdc2_thirdday.exceldemo"/>
</testsuite> <!-- hdc2_thirdday.exceldemo -->
